# JRE version: OpenJDK Runtime Environment Temurin-17.0.5+8 (17.0.5+8) (build 17.0.5+8)
# Java VM: OpenJDK 64-Bit Server VM Temurin-17.0.5+8 (17.0.5+8, mixed mode, tiered, compressed oops, compressed class ptrs, parallel gc, windows-amd64)
GC Precious Log:
 CPUs: 8 total, 8 available
 Memory: 16222M
 Large Page Support: Disabled
 NUMA Support: Disabled
 Compressed Oops: Enabled (32-bit)
 Alignments: Space 512K, Generation 512K, Heap 2M
 Heap Min Capacity: 100M
 Heap Initial Capacity: 100M
 Heap Max Capacity: 1G
 Pre-touch: Disabled
 Parallel Workers: 8
Heap:
 PSYoungGen      total 9728K, used 7965K [0x00000000eab00000, 0x00000000eb680000, 0x0000000100000000)
  eden space 8704K, 82% used [0x00000000eab00000,0x00000000eb1ff7a8,0x00000000eb380000)
  from space 1024K, 78% used [0x00000000eb480000,0x00000000eb548000,0x00000000eb580000)
  to   space 1024K, 0% used [0x00000000eb580000,0x00000000eb580000,0x00000000eb680000)
 ParOldGen       total 109056K, used 85482K [0x00000000c0000000, 0x00000000c6a80000, 0x00000000eab00000)
  object space 109056K, 78% used [0x00000000c0000000,0x00000000c537a950,0x00000000c6a80000)
 Metaspace       used 81801K, committed 82880K, reserved 1130496K
  class space    used 8566K, committed 9088K, reserved 1048576K
GC Heap History (20 events):
Event: 489.766 GC heap before
{Heap before GC invocations=108 (full 6):
 PSYoungGen      total 9216K, used 9002K [0x00000000eab00000, 0x00000000eb880000, 0x0000000100000000)
  eden space 8704K, 99% used [0x00000000eab00000,0x00000000eb37aaa0,0x00000000eb380000)
  from space 512K, 62% used [0x00000000eb800000,0x00000000eb850000,0x00000000eb880000)
  to   space 512K, 0% used [0x00000000eb780000,0x00000000eb780000,0x00000000eb800000)
 ParOldGen       total 105984K, used 100739K [0x00000000c0000000, 0x00000000c6780000, 0x00000000eab00000)
  object space 105984K, 95% used [0x00000000c0000000,0x00000000c6260c30,0x00000000c6780000)
 Metaspace       used 79858K, committed 80896K, reserved 1122304K
  class space    used 8271K, committed 8704K, reserved 1048576K
}
Event: 489.767 GC heap after
{Heap after GC invocations=108 (full 6):
 PSYoungGen      total 9216K, used 497K [0x00000000eab00000, 0x00000000eb880000, 0x0000000100000000)
  eden space 8704K, 0% used [0x00000000eab00000,0x00000000eab00000,0x00000000eb380000)
  from space 512K, 97% used [0x00000000eb780000,0x00000000eb7fc698,0x00000000eb800000)
  to   space 512K, 0% used [0x00000000eb800000,0x00000000eb800000,0x00000000eb880000)
 ParOldGen       total 105984K, used 100907K [0x00000000c0000000, 0x00000000c6780000, 0x00000000eab00000)
  object space 105984K, 95% used [0x00000000c0000000,0x00000000c628ac30,0x00000000c6780000)
 Metaspace       used 79858K, committed 80896K, reserved 1122304K
  class space    used 8271K, committed 8704K, reserved 1048576K
}
Event: 489.913 GC heap before
{Heap before GC invocations=109 (full 6):
 PSYoungGen      total 9216K, used 9201K [0x00000000eab00000, 0x00000000eb880000, 0x0000000100000000)
  eden space 8704K, 100% used [0x00000000eab00000,0x00000000eb380000,0x00000000eb380000)
  from space 512K, 97% used [0x00000000eb780000,0x00000000eb7fc698,0x00000000eb800000)
  to   space 512K, 0% used [0x00000000eb800000,0x00000000eb800000,0x00000000eb880000)
 ParOldGen       total 105984K, used 100907K [0x00000000c0000000, 0x00000000c6780000, 0x00000000eab00000)
  object space 105984K, 95% used [0x00000000c0000000,0x00000000c628ac30,0x00000000c6780000)
 Metaspace       used 80754K, committed 81856K, reserved 1122304K
  class space    used 8392K, committed 8896K, reserved 1048576K
}
Event: 489.914 GC heap after
{Heap after GC invocations=109 (full 6):
 PSYoungGen      total 9216K, used 496K [0x00000000eab00000, 0x00000000eb880000, 0x0000000100000000)
  eden space 8704K, 0% used [0x00000000eab00000,0x00000000eab00000,0x00000000eb380000)
  from space 512K, 96% used [0x00000000eb800000,0x00000000eb87c010,0x00000000eb880000)
  to   space 1536K, 0% used [0x00000000eb580000,0x00000000eb580000,0x00000000eb700000)
 ParOldGen       total 105984K, used 101583K [0x00000000c0000000, 0x00000000c6780000, 0x00000000eab00000)
  object space 105984K, 95% used [0x00000000c0000000,0x00000000c6333f70,0x00000000c6780000)
 Metaspace       used 80754K, committed 81856K, reserved 1122304K
  class space    used 8392K, committed 8896K, reserved 1048576K
}
Event: 490.013 GC heap before
{Heap before GC invocations=110 (full 6):
 PSYoungGen      total 9216K, used 9200K [0x00000000eab00000, 0x00000000eb880000, 0x0000000100000000)
  eden space 8704K, 100% used [0x00000000eab00000,0x00000000eb380000,0x00000000eb380000)
  from space 512K, 96% used [0x00000000eb800000,0x00000000eb87c010,0x00000000eb880000)
  to   space 1536K, 0% used [0x00000000eb580000,0x00000000eb580000,0x00000000eb700000)
 ParOldGen       total 105984K, used 101583K [0x00000000c0000000, 0x00000000c6780000, 0x00000000eab00000)
  object space 105984K, 95% used [0x00000000c0000000,0x00000000c6333f70,0x00000000c6780000)
 Metaspace       used 81004K, committed 82048K, reserved 1122304K
  class space    used 8415K, committed 8896K, reserved 1048576K
}
Event: 490.014 GC heap after
{Heap after GC invocations=110 (full 6):
 PSYoungGen      total 10240K, used 1513K [0x00000000eab00000, 0x00000000eb880000, 0x0000000100000000)
  eden space 8704K, 0% used [0x00000000eab00000,0x00000000eab00000,0x00000000eb380000)
  from space 1536K, 98% used [0x00000000eb580000,0x00000000eb6fa6d8,0x00000000eb700000)
  to   space 1536K, 0% used [0x00000000eb700000,0x00000000eb700000,0x00000000eb880000)
 ParOldGen       total 105984K, used 102050K [0x00000000c0000000, 0x00000000c6780000, 0x00000000eab00000)
  object space 105984K, 96% used [0x00000000c0000000,0x00000000c63a8900,0x00000000c6780000)
 Metaspace       used 81004K, committed 82048K, reserved 1122304K
  class space    used 8415K, committed 8896K, reserved 1048576K
}
Event: 490.109 GC heap before
{Heap before GC invocations=111 (full 6):
 PSYoungGen      total 10240K, used 10217K [0x00000000eab00000, 0x00000000eb880000, 0x0000000100000000)
  eden space 8704K, 100% used [0x00000000eab00000,0x00000000eb380000,0x00000000eb380000)
  from space 1536K, 98% used [0x00000000eb580000,0x00000000eb6fa6d8,0x00000000eb700000)
  to   space 1536K, 0% used [0x00000000eb700000,0x00000000eb700000,0x00000000eb880000)
 ParOldGen       total 105984K, used 102050K [0x00000000c0000000, 0x00000000c6780000, 0x00000000eab00000)
  object space 105984K, 96% used [0x00000000c0000000,0x00000000c63a8900,0x00000000c6780000)
 Metaspace       used 81500K, committed 82560K, reserved 1122304K
  class space    used 8535K, committed 9024K, reserved 1048576K
}
Event: 490.110 GC heap after
{Heap after GC invocations=111 (full 6):
 PSYoungGen      total 9728K, used 805K [0x00000000eab00000, 0x00000000eb800000, 0x0000000100000000)
  eden space 8704K, 0% used [0x00000000eab00000,0x00000000eab00000,0x00000000eb380000)
  from space 1024K, 78% used [0x00000000eb700000,0x00000000eb7c9730,0x00000000eb800000)
  to   space 1536K, 0% used [0x00000000eb500000,0x00000000eb500000,0x00000000eb680000)
 ParOldGen       total 105984K, used 103485K [0x00000000c0000000, 0x00000000c6780000, 0x00000000eab00000)
  object space 105984K, 97% used [0x00000000c0000000,0x00000000c650f4e8,0x00000000c6780000)
 Metaspace       used 81500K, committed 82560K, reserved 1122304K
  class space    used 8535K, committed 9024K, reserved 1048576K
}
Event: 490.198 GC heap before
{Heap before GC invocations=112 (full 6):
 PSYoungGen      total 9728K, used 9507K [0x00000000eab00000, 0x00000000eb800000, 0x0000000100000000)
  eden space 8704K, 99% used [0x00000000eab00000,0x00000000eb37f848,0x00000000eb380000)
  from space 1024K, 78% used [0x00000000eb700000,0x00000000eb7c9730,0x00000000eb800000)
  to   space 1536K, 0% used [0x00000000eb500000,0x00000000eb500000,0x00000000eb680000)
 ParOldGen       total 105984K, used 103485K [0x00000000c0000000, 0x00000000c6780000, 0x00000000eab00000)
  object space 105984K, 97% used [0x00000000c0000000,0x00000000c650f4e8,0x00000000c6780000)
 Metaspace       used 81565K, committed 82560K, reserved 1122304K
  class space    used 8545K, committed 9024K, reserved 1048576K
}
Event: 490.199 GC heap after
{Heap after GC invocations=112 (full 6):
 PSYoungGen      total 10240K, used 1072K [0x00000000eab00000, 0x00000000eb780000, 0x0000000100000000)
  eden space 8704K, 0% used [0x00000000eab00000,0x00000000eab00000,0x00000000eb380000)
  from space 1536K, 69% used [0x00000000eb500000,0x00000000eb60c0e0,0x00000000eb680000)
  to   space 1024K, 0% used [0x00000000eb680000,0x00000000eb680000,0x00000000eb780000)
 ParOldGen       total 105984K, used 104099K [0x00000000c0000000, 0x00000000c6780000, 0x00000000eab00000)
  object space 105984K, 98% used [0x00000000c0000000,0x00000000c65a8c70,0x00000000c6780000)
 Metaspace       used 81565K, committed 82560K, reserved 1122304K
  class space    used 8545K, committed 9024K, reserved 1048576K
}
Event: 490.261 GC heap before
{Heap before GC invocations=113 (full 6):
 PSYoungGen      total 10240K, used 9776K [0x00000000eab00000, 0x00000000eb780000, 0x0000000100000000)
  eden space 8704K, 100% used [0x00000000eab00000,0x00000000eb380000,0x00000000eb380000)
  from space 1536K, 69% used [0x00000000eb500000,0x00000000eb60c0e0,0x00000000eb680000)
  to   space 1024K, 0% used [0x00000000eb680000,0x00000000eb680000,0x00000000eb780000)
 ParOldGen       total 105984K, used 104099K [0x00000000c0000000, 0x00000000c6780000, 0x00000000eab00000)
  object space 105984K, 98% used [0x00000000c0000000,0x00000000c65a8c70,0x00000000c6780000)
 Metaspace       used 81597K, committed 82624K, reserved 1122304K
  class space    used 8547K, committed 9024K, reserved 1048576K
}
Event: 490.262 GC heap after
{Heap after GC invocations=113 (full 6):
 PSYoungGen      total 9728K, used 962K [0x00000000eab00000, 0x00000000eb780000, 0x0000000100000000)
  eden space 8704K, 0% used [0x00000000eab00000,0x00000000eab00000,0x00000000eb380000)
  from space 1024K, 93% used [0x00000000eb680000,0x00000000eb770978,0x00000000eb780000)
  to   space 1024K, 0% used [0x00000000eb580000,0x00000000eb580000,0x00000000eb680000)
 ParOldGen       total 105984K, used 105006K [0x00000000c0000000, 0x00000000c6780000, 0x00000000eab00000)
  object space 105984K, 99% used [0x00000000c0000000,0x00000000c668b808,0x00000000c6780000)
 Metaspace       used 81597K, committed 82624K, reserved 1122304K
  class space    used 8547K, committed 9024K, reserved 1048576K
}
Event: 490.328 GC heap before
{Heap before GC invocations=114 (full 6):
 PSYoungGen      total 9728K, used 9666K [0x00000000eab00000, 0x00000000eb780000, 0x0000000100000000)
  eden space 8704K, 100% used [0x00000000eab00000,0x00000000eb380000,0x00000000eb380000)
  from space 1024K, 93% used [0x00000000eb680000,0x00000000eb770978,0x00000000eb780000)
  to   space 1024K, 0% used [0x00000000eb580000,0x00000000eb580000,0x00000000eb680000)
 ParOldGen       total 105984K, used 105006K [0x00000000c0000000, 0x00000000c6780000, 0x00000000eab00000)
  object space 105984K, 99% used [0x00000000c0000000,0x00000000c668b808,0x00000000c6780000)
 Metaspace       used 81628K, committed 82624K, reserved 1122304K
  class space    used 8549K, committed 9024K, reserved 1048576K
}
Event: 490.330 GC heap after
{Heap after GC invocations=114 (full 6):
 PSYoungGen      total 9728K, used 976K [0x00000000eab00000, 0x00000000eb700000, 0x0000000100000000)
  eden space 8704K, 0% used [0x00000000eab00000,0x00000000eab00000,0x00000000eb380000)
  from space 1024K, 95% used [0x00000000eb580000,0x00000000eb674010,0x00000000eb680000)
  to   space 512K, 0% used [0x00000000eb680000,0x00000000eb680000,0x00000000eb700000)
 ParOldGen       total 105984K, used 105848K [0x00000000c0000000, 0x00000000c6780000, 0x00000000eab00000)
  object space 105984K, 99% used [0x00000000c0000000,0x00000000c675e2b8,0x00000000c6780000)
 Metaspace       used 81628K, committed 82624K, reserved 1122304K
  class space    used 8549K, committed 9024K, reserved 1048576K
}
Event: 490.330 GC heap before
{Heap before GC invocations=115 (full 7):
 PSYoungGen      total 9728K, used 976K [0x00000000eab00000, 0x00000000eb700000, 0x0000000100000000)
  eden space 8704K, 0% used [0x00000000eab00000,0x00000000eab00000,0x00000000eb380000)
  from space 1024K, 95% used [0x00000000eb580000,0x00000000eb674010,0x00000000eb680000)
  to   space 512K, 0% used [0x00000000eb680000,0x00000000eb680000,0x00000000eb700000)
 ParOldGen       total 105984K, used 105848K [0x00000000c0000000, 0x00000000c6780000, 0x00000000eab00000)
  object space 105984K, 99% used [0x00000000c0000000,0x00000000c675e2b8,0x00000000c6780000)
 Metaspace       used 81628K, committed 82624K, reserved 1122304K
  class space    used 8549K, committed 9024K, reserved 1048576K
}
Event: 490.410 GC heap after
{Heap after GC invocations=115 (full 7):
 PSYoungGen      total 9216K, used 0K [0x00000000eab00000, 0x00000000eb700000, 0x0000000100000000)
  eden space 8704K, 0% used [0x00000000eab00000,0x00000000eab00000,0x00000000eb380000)
  from space 512K, 0% used [0x00000000eb680000,0x00000000eb680000,0x00000000eb700000)
  to   space 1024K, 0% used [0x00000000eb500000,0x00000000eb500000,0x00000000eb600000)
 ParOldGen       total 109056K, used 84341K [0x00000000c0000000, 0x00000000c6a80000, 0x00000000eab00000)
  object space 109056K, 77% used [0x00000000c0000000,0x00000000c525d778,0x00000000c6a80000)
 Metaspace       used 81628K, committed 82624K, reserved 1122304K
  class space    used 8549K, committed 9024K, reserved 1048576K
}
Event: 490.490 GC heap before
{Heap before GC invocations=116 (full 7):
 PSYoungGen      total 9216K, used 8704K [0x00000000eab00000, 0x00000000eb700000, 0x0000000100000000)
  eden space 8704K, 100% used [0x00000000eab00000,0x00000000eb380000,0x00000000eb380000)
  from space 512K, 0% used [0x00000000eb680000,0x00000000eb680000,0x00000000eb700000)
  to   space 1024K, 0% used [0x00000000eb500000,0x00000000eb500000,0x00000000eb600000)
 ParOldGen       total 109056K, used 84341K [0x00000000c0000000, 0x00000000c6a80000, 0x00000000eab00000)
  object space 109056K, 77% used [0x00000000c0000000,0x00000000c525d778,0x00000000c6a80000)
 Metaspace       used 81741K, committed 82816K, reserved 1122304K
  class space    used 8565K, committed 9088K, reserved 1048576K
}
Event: 490.491 GC heap after
{Heap after GC invocations=116 (full 7):
 PSYoungGen      total 9728K, used 1000K [0x00000000eab00000, 0x00000000eb700000, 0x0000000100000000)
  eden space 8704K, 0% used [0x00000000eab00000,0x00000000eab00000,0x00000000eb380000)
  from space 1024K, 97% used [0x00000000eb500000,0x00000000eb5fa338,0x00000000eb600000)
  to   space 1024K, 0% used [0x00000000eb600000,0x00000000eb600000,0x00000000eb700000)
 ParOldGen       total 109056K, used 84357K [0x00000000c0000000, 0x00000000c6a80000, 0x00000000eab00000)
  object space 109056K, 77% used [0x00000000c0000000,0x00000000c5261778,0x00000000c6a80000)
 Metaspace       used 81741K, committed 82816K, reserved 1122304K
  class space    used 8565K, committed 9088K, reserved 1048576K
}
Event: 490.593 GC heap before
{Heap before GC invocations=117 (full 7):
 PSYoungGen      total 9728K, used 9704K [0x00000000eab00000, 0x00000000eb700000, 0x0000000100000000)
  eden space 8704K, 100% used [0x00000000eab00000,0x00000000eb380000,0x00000000eb380000)
  from space 1024K, 97% used [0x00000000eb500000,0x00000000eb5fa338,0x00000000eb600000)
  to   space 1024K, 0% used [0x00000000eb600000,0x00000000eb600000,0x00000000eb700000)
 ParOldGen       total 109056K, used 84357K [0x00000000c0000000, 0x00000000c6a80000, 0x00000000eab00000)
  object space 109056K, 77% used [0x00000000c0000000,0x00000000c5261778,0x00000000c6a80000)
 Metaspace       used 81765K, committed 82816K, reserved 1122304K
  class space    used 8566K, committed 9088K, reserved 1048576K
}
Event: 490.594 GC heap after
{Heap after GC invocations=117 (full 7):
 PSYoungGen      total 9216K, used 512K [0x00000000eab00000, 0x00000000eb680000, 0x0000000100000000)
  eden space 8704K, 0% used [0x00000000eab00000,0x00000000eab00000,0x00000000eb380000)
  from space 512K, 100% used [0x00000000eb600000,0x00000000eb680000,0x00000000eb680000)
  to   space 1024K, 0% used [0x00000000eb480000,0x00000000eb480000,0x00000000eb580000)
 ParOldGen       total 109056K, used 85179K [0x00000000c0000000, 0x00000000c6a80000, 0x00000000eab00000)
  object space 109056K, 78% used [0x00000000c0000000,0x00000000c532ef20,0x00000000c6a80000)
 Metaspace       used 81765K, committed 82816K, reserved 1122304K
  class space    used 8566K, committed 9088K, reserved 1048576K
}

